<?xml version="1.0" encoding="UTF-8"?>
<testsuite name="Actions in main page" tests="2" skipped="0" failures="0" errors="0" timestamp="2025-02-13T13:14:32" hostname="MacBook-Pro-de-Jesus.local" time="32.951">
  <properties/>
  <testcase name="Done unlocked" classname="Actions in main page" time="25.875"/>
  <testcase name="Settings displayed" classname="Actions in main page" time="7.076"/>
  <system-out><![CDATA[
Scenario Outline: Done unlocked ?[90m# io/cucumber/features.feature:12?[0m
  ?[32mGiven ?[0m?[32mI open the app?[0m          ?[90m# io.cucumber.StepDefinitions.I_open_the_app()?[0m
  ?[32mWhen ?[0m?[32mI click on ?[0m?[32m?[1mHeadlines?[0m     ?[90m# io.cucumber.StepDefinitions.I_click_on(java.lang.String)?[0m
  ?[32mThen ?[0m?[32mDone button is unlocked?[0m  ?[90m# io.cucumber.StepDefinitions.done_unlocked()?[0m

Scenario: Settings displayed        ?[90m# io/cucumber/features.feature:16?[0m
  ?[32mGiven ?[0m?[32mI open the app?[0m              ?[90m# io.cucumber.StepDefinitions.I_open_the_app()?[0m
  ?[32mWhen ?[0m?[32mI open Settings?[0m              ?[90m# io.cucumber.StepDefinitions.I_click_on_settings()?[0m
  ?[32mThen ?[0m?[32mI see the following sections?[0m ?[90m# io.cucumber.StepDefinitions.sections_in_settings(io.cucumber.datatable.DataTable)?[0m
    | Theme                |
    | Use Dynamic Color    |
    | Dark mode preference |
]]></system-out>
  <system-err><![CDATA[]]></system-err>
</testsuite>
